c:\project\wesleep\windows\wesleepmanager_v3\cppwrapper\x64\debug\cppwrapper.pch
c:\project\wesleep\windows\wesleepmanager_v3\cppwrapper\x64\debug\vc141.pdb
c:\project\wesleep\windows\wesleepmanager_v3\cppwrapper\x64\debug\pch.obj
c:\project\wesleep\windows\wesleepmanager_v3\cppwrapper\x64\debug\cppwrapper.obj
c:\project\wesleep\windows\wesleepmanager_v3\cppwrapper\x64\debug\assemblyinfo.obj
c:\project\wesleep\windows\wesleepmanager_v3\cppwrapper\x64\debug\.netframework,version=v4.0.assemblyattributes.obj
c:\project\wesleep\windows\wesleepmanager_v3\cppwrapper\x64\debug\.netframework,version=v4.0.assemblyattributes.asm
c:\project\wesleep\windows\wesleepmanager_v3\x64\debug\cppwrapper.dll
c:\project\wesleep\windows\wesleepmanager_v3\x64\debug\cppwrapper.pdb
c:\project\wesleep\windows\wesleepmanager_v3\cppwrapper\x64\debug\app.res
c:\project\wesleep\windows\wesleepmanager_v3\cppwrapper\x64\debug\cppwrapper.vcxprojassemblyreference.cache
c:\project\wesleep\windows\wesleepmanager_v3\cppwrapper\x64\debug\cppwrapper.tlog\cl.command.1.tlog
c:\project\wesleep\windows\wesleepmanager_v3\cppwrapper\x64\debug\cppwrapper.tlog\cl.read.1.tlog
c:\project\wesleep\windows\wesleepmanager_v3\cppwrapper\x64\debug\cppwrapper.tlog\cl.write.1.tlog
c:\project\wesleep\windows\wesleepmanager_v3\cppwrapper\x64\debug\cppwrapper.tlog\link.command.1.tlog
c:\project\wesleep\windows\wesleepmanager_v3\cppwrapper\x64\debug\cppwrapper.tlog\link.read.1.tlog
c:\project\wesleep\windows\wesleepmanager_v3\cppwrapper\x64\debug\cppwrapper.tlog\link.write.1.tlog
c:\project\wesleep\windows\wesleepmanager_v3\cppwrapper\x64\debug\cppwrapper.tlog\metagen.read.1.tlog
c:\project\wesleep\windows\wesleepmanager_v3\cppwrapper\x64\debug\cppwrapper.tlog\metagen.write.1.tlog
c:\project\wesleep\windows\wesleepmanager_v3\cppwrapper\x64\debug\cppwrapper.tlog\rc.command.1.tlog
c:\project\wesleep\windows\wesleepmanager_v3\cppwrapper\x64\debug\cppwrapper.tlog\rc.read.1.tlog
c:\project\wesleep\windows\wesleepmanager_v3\cppwrapper\x64\debug\cppwrapper.tlog\rc.write.1.tlog
