c:\project\firefly\program\windows\anyscl_200601_v1\libwrapper\x64\debug\libwrapper.pch
c:\project\firefly\program\windows\anyscl_200601_v1\libwrapper\x64\debug\vc141.pdb
c:\project\firefly\program\windows\anyscl_200601_v1\libwrapper\x64\debug\pch.obj
c:\project\firefly\program\windows\anyscl_200601_v1\libwrapper\x64\debug\libwrapper.obj
c:\project\firefly\program\windows\anyscl_200601_v1\libwrapper\x64\debug\assemblyinfo.obj
c:\project\firefly\program\windows\anyscl_200601_v1\libwrapper\x64\debug\.netframework,version=v4.0.assemblyattributes.obj
c:\project\firefly\program\windows\anyscl_200601_v1\libwrapper\x64\debug\.netframework,version=v4.0.assemblyattributes.asm
c:\project\firefly\program\windows\anyscl_200601_v1\x64\debug\libwrapper.dll
c:\project\firefly\program\windows\anyscl_200601_v1\x64\debug\libwrapper.pdb
c:\project\firefly\program\windows\anyscl_200601_v1\libwrapper\x64\debug\app.res
c:\project\firefly\program\windows\anyscl_200601_v1\libwrapper\x64\debug\libwrapper.tlog\cl.command.1.tlog
c:\project\firefly\program\windows\anyscl_200601_v1\libwrapper\x64\debug\libwrapper.tlog\cl.read.1.tlog
c:\project\firefly\program\windows\anyscl_200601_v1\libwrapper\x64\debug\libwrapper.tlog\cl.write.1.tlog
c:\project\firefly\program\windows\anyscl_200601_v1\libwrapper\x64\debug\libwrapper.tlog\link.command.1.tlog
c:\project\firefly\program\windows\anyscl_200601_v1\libwrapper\x64\debug\libwrapper.tlog\link.read.1.tlog
c:\project\firefly\program\windows\anyscl_200601_v1\libwrapper\x64\debug\libwrapper.tlog\link.write.1.tlog
c:\project\firefly\program\windows\anyscl_200601_v1\libwrapper\x64\debug\libwrapper.tlog\metagen.read.1.tlog
c:\project\firefly\program\windows\anyscl_200601_v1\libwrapper\x64\debug\libwrapper.tlog\metagen.write.1.tlog
c:\project\firefly\program\windows\anyscl_200601_v1\libwrapper\x64\debug\libwrapper.tlog\rc.command.1.tlog
c:\project\firefly\program\windows\anyscl_200601_v1\libwrapper\x64\debug\libwrapper.tlog\rc.read.1.tlog
c:\project\firefly\program\windows\anyscl_200601_v1\libwrapper\x64\debug\libwrapper.tlog\rc.write.1.tlog
