c:\project\anyai4d\application\windows\winai4d_200315_k\cppwrapper\debug\libwrapper.pch
c:\project\anyai4d\application\windows\winai4d_200315_k\cppwrapper\debug\vc141.pdb
c:\project\anyai4d\application\windows\winai4d_200315_k\cppwrapper\debug\pch.obj
c:\project\anyai4d\application\windows\winai4d_200315_k\cppwrapper\debug\libwrapper.obj
c:\project\anyai4d\application\windows\winai4d_200315_k\cppwrapper\debug\assemblyinfo.obj
c:\project\anyai4d\application\windows\winai4d_200315_k\cppwrapper\debug\.netframework,version=v4.0.assemblyattributes.obj
c:\project\anyai4d\application\windows\winai4d_200315_k\cppwrapper\debug\.netframework,version=v4.0.assemblyattributes.asm
c:\project\anyai4d\application\windows\winai4d_200315_k\debug\libwrapper.dll
c:\project\anyai4d\application\windows\winai4d_200315_k\debug\libwrapper.pdb
c:\project\anyai4d\application\windows\winai4d_200315_k\cppwrapper\debug\app.res
c:\project\anyai4d\application\windows\winai4d_200315_k\cppwrapper\debug\cppwrapper.vcxprojassemblyreference.cache
c:\project\anyai4d\application\windows\winai4d_200315_k\cppwrapper\debug\libwrapper.tlog\cl.command.1.tlog
c:\project\anyai4d\application\windows\winai4d_200315_k\cppwrapper\debug\libwrapper.tlog\cl.read.1.tlog
c:\project\anyai4d\application\windows\winai4d_200315_k\cppwrapper\debug\libwrapper.tlog\cl.write.1.tlog
c:\project\anyai4d\application\windows\winai4d_200315_k\cppwrapper\debug\libwrapper.tlog\link.command.1.tlog
c:\project\anyai4d\application\windows\winai4d_200315_k\cppwrapper\debug\libwrapper.tlog\link.read.1.tlog
c:\project\anyai4d\application\windows\winai4d_200315_k\cppwrapper\debug\libwrapper.tlog\link.write.1.tlog
c:\project\anyai4d\application\windows\winai4d_200315_k\cppwrapper\debug\libwrapper.tlog\metagen.read.1.tlog
c:\project\anyai4d\application\windows\winai4d_200315_k\cppwrapper\debug\libwrapper.tlog\metagen.write.1.tlog
c:\project\anyai4d\application\windows\winai4d_200315_k\cppwrapper\debug\libwrapper.tlog\rc.command.1.tlog
c:\project\anyai4d\application\windows\winai4d_200315_k\cppwrapper\debug\libwrapper.tlog\rc.read.1.tlog
c:\project\anyai4d\application\windows\winai4d_200315_k\cppwrapper\debug\libwrapper.tlog\rc.write.1.tlog
